<?xml version="1.0" encoding="UTF-8"?>
<!-- Generated by org.testng.reporters.JUnitReportReporter -->
<testsuite hostname="Srinivas-PC" failures="0" tests="1" name="Assertion.AssertEqualsMethod" time="7.885" errors="0" timestamp="2024-05-16T00:25:05 IST" skipped="0">
  <testcase classname="Assertion.AssertEqualsMethod" name="Link" time="7.885"/>
  <system-out/>
</testsuite> <!-- Assertion.AssertEqualsMethod -->
